<?xml version="1.0" encoding="UTF-8"?>
<!-- Generated by org.testng.reporters.JUnitReportReporter -->
<testsuite hostname="Pritam-h17" failures="0" tests="2" name="ParallelExhecution.TestingParallelExhecution" time="12.197" errors="0" timestamp="2025-03-23T15:42:16 IST" skipped="0">
  <testcase classname="ParallelExhecution.TestingParallelExhecution" name="Banking" time="5.092"/>
  <testcase classname="ParallelExhecution.TestingParallelExhecution" name="Shopping" time="7.105"/>
</testsuite> <!-- ParallelExhecution.TestingParallelExhecution -->
